<?xml version="1.0" encoding="UTF-8"?>
<testsuite xmlns:xsi="http://www.w3.org/2001/XMLSchema-instance" xsi:noNamespaceSchemaLocation="https://maven.apache.org/surefire/maven-surefire-plugin/xsd/surefire-test-report.xsd" name="guru.springframework.brewery.TsbbSfgBreweryApplicationTests" time="11.134" tests="1" errors="0" skipped="0" failures="0">
  <properties>
    <property name="java.specification.version" value="15"/>
    <property name="sun.cpu.isalist" value="amd64"/>
    <property name="sun.jnu.encoding" value="Cp1252"/>
    <property name="java.class.path" value="S:\Desktop\Neuer Ordner (7)\tsbb2b-sfg-brewery-jsonPath\target\test-classes;S:\Desktop\Neuer Ordner (7)\tsbb2b-sfg-brewery-jsonPath\target\classes;S:\81_Software\Maven_Repository\.m2\org\springframework\boot\spring-boot-starter-actuator\2.1.3.RELEASE\spring-boot-starter-actuator-2.1.3.RELEASE.jar;S:\81_Software\Maven_Repository\.m2\org\springframework\boot\spring-boot-starter\2.1.3.RELEASE\spring-boot-starter-2.1.3.RELEASE.jar;S:\81_Software\Maven_Repository\.m2\org\springframework\boot\spring-boot-starter-logging\2.1.3.RELEASE\spring-boot-starter-logging-2.1.3.RELEASE.jar;S:\81_Software\Maven_Repository\.m2\ch\qos\logback\logback-classic\1.2.3\logback-classic-1.2.3.jar;S:\81_Software\Maven_Repository\.m2\ch\qos\logback\logback-core\1.2.3\logback-core-1.2.3.jar;S:\81_Software\Maven_Repository\.m2\org\apache\logging\log4j\log4j-to-slf4j\2.11.2\log4j-to-slf4j-2.11.2.jar;S:\81_Software\Maven_Repository\.m2\org\apache\logging\log4j\log4j-api\2.11.2\log4j-api-2.11.2.jar;S:\81_Software\Maven_Repository\.m2\org\slf4j\jul-to-slf4j\1.7.25\jul-to-slf4j-1.7.25.jar;S:\81_Software\Maven_Repository\.m2\javax\annotation\javax.annotation-api\1.3.2\javax.annotation-api-1.3.2.jar;S:\81_Software\Maven_Repository\.m2\org\yaml\snakeyaml\1.23\snakeyaml-1.23.jar;S:\81_Software\Maven_Repository\.m2\org\springframework\boot\spring-boot-actuator-autoconfigure\2.1.3.RELEASE\spring-boot-actuator-autoconfigure-2.1.3.RELEASE.jar;S:\81_Software\Maven_Repository\.m2\org\springframework\boot\spring-boot-actuator\2.1.3.RELEASE\spring-boot-actuator-2.1.3.RELEASE.jar;S:\81_Software\Maven_Repository\.m2\com\fasterxml\jackson\core\jackson-databind\2.9.8\jackson-databind-2.9.8.jar;S:\81_Software\Maven_Repository\.m2\com\fasterxml\jackson\core\jackson-annotations\2.9.0\jackson-annotations-2.9.0.jar;S:\81_Software\Maven_Repository\.m2\com\fasterxml\jackson\core\jackson-core\2.9.8\jackson-core-2.9.8.jar;S:\81_Software\Maven_Repository\.m2\org\springframework\spring-context\5.1.5.RELEASE\spring-context-5.1.5.RELEASE.jar;S:\81_Software\Maven_Repository\.m2\com\fasterxml\jackson\datatype\jackson-datatype-jsr310\2.9.8\jackson-datatype-jsr310-2.9.8.jar;S:\81_Software\Maven_Repository\.m2\io\micrometer\micrometer-core\1.1.3\micrometer-core-1.1.3.jar;S:\81_Software\Maven_Repository\.m2\org\hdrhistogram\HdrHistogram\2.1.9\HdrHistogram-2.1.9.jar;S:\81_Software\Maven_Repository\.m2\org\latencyutils\LatencyUtils\2.0.3\LatencyUtils-2.0.3.jar;S:\81_Software\Maven_Repository\.m2\org\springframework\boot\spring-boot-starter-data-jpa\2.1.3.RELEASE\spring-boot-starter-data-jpa-2.1.3.RELEASE.jar;S:\81_Software\Maven_Repository\.m2\org\springframework\boot\spring-boot-starter-aop\2.1.3.RELEASE\spring-boot-starter-aop-2.1.3.RELEASE.jar;S:\81_Software\Maven_Repository\.m2\org\springframework\spring-aop\5.1.5.RELEASE\spring-aop-5.1.5.RELEASE.jar;S:\81_Software\Maven_Repository\.m2\org\aspectj\aspectjweaver\1.9.2\aspectjweaver-1.9.2.jar;S:\81_Software\Maven_Repository\.m2\org\springframework\boot\spring-boot-starter-jdbc\2.1.3.RELEASE\spring-boot-starter-jdbc-2.1.3.RELEASE.jar;S:\81_Software\Maven_Repository\.m2\com\zaxxer\HikariCP\3.2.0\HikariCP-3.2.0.jar;S:\81_Software\Maven_Repository\.m2\org\springframework\spring-jdbc\5.1.5.RELEASE\spring-jdbc-5.1.5.RELEASE.jar;S:\81_Software\Maven_Repository\.m2\javax\transaction\javax.transaction-api\1.3\javax.transaction-api-1.3.jar;S:\81_Software\Maven_Repository\.m2\org\hibernate\hibernate-core\5.3.7.Final\hibernate-core-5.3.7.Final.jar;S:\81_Software\Maven_Repository\.m2\org\jboss\logging\jboss-logging\3.3.2.Final\jboss-logging-3.3.2.Final.jar;S:\81_Software\Maven_Repository\.m2\javax\persistence\javax.persistence-api\2.2\javax.persistence-api-2.2.jar;S:\81_Software\Maven_Repository\.m2\org\javassist\javassist\3.23.1-GA\javassist-3.23.1-GA.jar;S:\81_Software\Maven_Repository\.m2\net\bytebuddy\byte-buddy\1.9.10\byte-buddy-1.9.10.jar;S:\81_Software\Maven_Repository\.m2\antlr\antlr\2.7.7\antlr-2.7.7.jar;S:\81_Software\Maven_Repository\.m2\org\jboss\jandex\2.0.5.Final\jandex-2.0.5.Final.jar;S:\81_Software\Maven_Repository\.m2\com\fasterxml\classmate\1.4.0\classmate-1.4.0.jar;S:\81_Software\Maven_Repository\.m2\javax\activation\javax.activation-api\1.2.0\javax.activation-api-1.2.0.jar;S:\81_Software\Maven_Repository\.m2\org\dom4j\dom4j\2.1.1\dom4j-2.1.1.jar;S:\81_Software\Maven_Repository\.m2\org\hibernate\common\hibernate-commons-annotations\5.0.4.Final\hibernate-commons-annotations-5.0.4.Final.jar;S:\81_Software\Maven_Repository\.m2\org\springframework\data\spring-data-jpa\2.1.5.RELEASE\spring-data-jpa-2.1.5.RELEASE.jar;S:\81_Software\Maven_Repository\.m2\org\springframework\data\spring-data-commons\2.1.5.RELEASE\spring-data-commons-2.1.5.RELEASE.jar;S:\81_Software\Maven_Repository\.m2\org\springframework\spring-orm\5.1.5.RELEASE\spring-orm-5.1.5.RELEASE.jar;S:\81_Software\Maven_Repository\.m2\org\springframework\spring-tx\5.1.5.RELEASE\spring-tx-5.1.5.RELEASE.jar;S:\81_Software\Maven_Repository\.m2\org\springframework\spring-beans\5.1.5.RELEASE\spring-beans-5.1.5.RELEASE.jar;S:\81_Software\Maven_Repository\.m2\org\slf4j\slf4j-api\1.7.25\slf4j-api-1.7.25.jar;S:\81_Software\Maven_Repository\.m2\org\springframework\spring-aspects\5.1.5.RELEASE\spring-aspects-5.1.5.RELEASE.jar;S:\81_Software\Maven_Repository\.m2\org\springframework\boot\spring-boot-starter-web\2.1.3.RELEASE\spring-boot-starter-web-2.1.3.RELEASE.jar;S:\81_Software\Maven_Repository\.m2\org\springframework\boot\spring-boot-starter-json\2.1.3.RELEASE\spring-boot-starter-json-2.1.3.RELEASE.jar;S:\81_Software\Maven_Repository\.m2\com\fasterxml\jackson\datatype\jackson-datatype-jdk8\2.9.8\jackson-datatype-jdk8-2.9.8.jar;S:\81_Software\Maven_Repository\.m2\com\fasterxml\jackson\module\jackson-module-parameter-names\2.9.8\jackson-module-parameter-names-2.9.8.jar;S:\81_Software\Maven_Repository\.m2\org\springframework\boot\spring-boot-starter-tomcat\2.1.3.RELEASE\spring-boot-starter-tomcat-2.1.3.RELEASE.jar;S:\81_Software\Maven_Repository\.m2\org\apache\tomcat\embed\tomcat-embed-core\9.0.16\tomcat-embed-core-9.0.16.jar;S:\81_Software\Maven_Repository\.m2\org\apache\tomcat\embed\tomcat-embed-el\9.0.16\tomcat-embed-el-9.0.16.jar;S:\81_Software\Maven_Repository\.m2\org\apache\tomcat\embed\tomcat-embed-websocket\9.0.16\tomcat-embed-websocket-9.0.16.jar;S:\81_Software\Maven_Repository\.m2\org\hibernate\validator\hibernate-validator\6.0.14.Final\hibernate-validator-6.0.14.Final.jar;S:\81_Software\Maven_Repository\.m2\javax\validation\validation-api\2.0.1.Final\validation-api-2.0.1.Final.jar;S:\81_Software\Maven_Repository\.m2\org\springframework\spring-web\5.1.5.RELEASE\spring-web-5.1.5.RELEASE.jar;S:\81_Software\Maven_Repository\.m2\org\springframework\spring-webmvc\5.1.5.RELEASE\spring-webmvc-5.1.5.RELEASE.jar;S:\81_Software\Maven_Repository\.m2\org\springframework\spring-expression\5.1.5.RELEASE\spring-expression-5.1.5.RELEASE.jar;S:\81_Software\Maven_Repository\.m2\org\springframework\boot\spring-boot-devtools\2.1.3.RELEASE\spring-boot-devtools-2.1.3.RELEASE.jar;S:\81_Software\Maven_Repository\.m2\org\springframework\boot\spring-boot\2.1.3.RELEASE\spring-boot-2.1.3.RELEASE.jar;S:\81_Software\Maven_Repository\.m2\org\springframework\boot\spring-boot-autoconfigure\2.1.3.RELEASE\spring-boot-autoconfigure-2.1.3.RELEASE.jar;S:\81_Software\Maven_Repository\.m2\org\projectlombok\lombok\1.18.6\lombok-1.18.6.jar;S:\81_Software\Maven_Repository\.m2\com\h2database\h2\1.4.197\h2-1.4.197.jar;S:\81_Software\Maven_Repository\.m2\javax\xml\bind\jaxb-api\2.3.0\jaxb-api-2.3.0.jar;S:\81_Software\Maven_Repository\.m2\com\sun\xml\bind\jaxb-core\2.3.0\jaxb-core-2.3.0.jar;S:\81_Software\Maven_Repository\.m2\com\sun\xml\bind\jaxb-impl\2.3.0\jaxb-impl-2.3.0.jar;S:\81_Software\Maven_Repository\.m2\org\mapstruct\mapstruct\1.3.0.Final\mapstruct-1.3.0.Final.jar;S:\81_Software\Maven_Repository\.m2\org\springframework\boot\spring-boot-starter-test\2.1.3.RELEASE\spring-boot-starter-test-2.1.3.RELEASE.jar;S:\81_Software\Maven_Repository\.m2\org\springframework\boot\spring-boot-test\2.1.3.RELEASE\spring-boot-test-2.1.3.RELEASE.jar;S:\81_Software\Maven_Repository\.m2\org\springframework\boot\spring-boot-test-autoconfigure\2.1.3.RELEASE\spring-boot-test-autoconfigure-2.1.3.RELEASE.jar;S:\81_Software\Maven_Repository\.m2\com\jayway\jsonpath\json-path\2.4.0\json-path-2.4.0.jar;S:\81_Software\Maven_Repository\.m2\net\minidev\json-smart\2.3\json-smart-2.3.jar;S:\81_Software\Maven_Repository\.m2\net\minidev\accessors-smart\1.2\accessors-smart-1.2.jar;S:\81_Software\Maven_Repository\.m2\org\ow2\asm\asm\5.0.4\asm-5.0.4.jar;S:\81_Software\Maven_Repository\.m2\org\assertj\assertj-core\3.11.1\assertj-core-3.11.1.jar;S:\81_Software\Maven_Repository\.m2\org\mockito\mockito-core\2.23.4\mockito-core-2.23.4.jar;S:\81_Software\Maven_Repository\.m2\net\bytebuddy\byte-buddy-agent\1.9.10\byte-buddy-agent-1.9.10.jar;S:\81_Software\Maven_Repository\.m2\org\objenesis\objenesis\2.6\objenesis-2.6.jar;S:\81_Software\Maven_Repository\.m2\org\hamcrest\hamcrest-core\1.3\hamcrest-core-1.3.jar;S:\81_Software\Maven_Repository\.m2\org\hamcrest\hamcrest-library\1.3\hamcrest-library-1.3.jar;S:\81_Software\Maven_Repository\.m2\org\skyscreamer\jsonassert\1.5.0\jsonassert-1.5.0.jar;S:\81_Software\Maven_Repository\.m2\com\vaadin\external\google\android-json\0.0.20131108.vaadin1\android-json-0.0.20131108.vaadin1.jar;S:\81_Software\Maven_Repository\.m2\org\springframework\spring-core\5.1.5.RELEASE\spring-core-5.1.5.RELEASE.jar;S:\81_Software\Maven_Repository\.m2\org\springframework\spring-jcl\5.1.5.RELEASE\spring-jcl-5.1.5.RELEASE.jar;S:\81_Software\Maven_Repository\.m2\org\springframework\spring-test\5.1.5.RELEASE\spring-test-5.1.5.RELEASE.jar;S:\81_Software\Maven_Repository\.m2\org\xmlunit\xmlunit-core\2.6.2\xmlunit-core-2.6.2.jar;S:\81_Software\Maven_Repository\.m2\org\junit\jupiter\junit-jupiter-api\5.3.2\junit-jupiter-api-5.3.2.jar;S:\81_Software\Maven_Repository\.m2\org\apiguardian\apiguardian-api\1.0.0\apiguardian-api-1.0.0.jar;S:\81_Software\Maven_Repository\.m2\org\opentest4j\opentest4j\1.1.1\opentest4j-1.1.1.jar;S:\81_Software\Maven_Repository\.m2\org\junit\platform\junit-platform-commons\1.3.2\junit-platform-commons-1.3.2.jar;S:\81_Software\Maven_Repository\.m2\org\junit\jupiter\junit-jupiter-engine\5.3.2\junit-jupiter-engine-5.3.2.jar;S:\81_Software\Maven_Repository\.m2\org\junit\platform\junit-platform-engine\1.3.2\junit-platform-engine-1.3.2.jar;S:\81_Software\Maven_Repository\.m2\org\mockito\mockito-junit-jupiter\2.23.4\mockito-junit-jupiter-2.23.4.jar;"/>
    <property name="java.vm.vendor" value="Oracle Corporation"/>
    <property name="sun.arch.data.model" value="64"/>
    <property name="user.variant" value=""/>
    <property name="java.vendor.url" value="https://java.oracle.com/"/>
    <property name="user.timezone" value="Europe/Berlin"/>
    <property name="os.name" value="Windows 10"/>
    <property name="java.vm.specification.version" value="15"/>
    <property name="sun.java.launcher" value="SUN_STANDARD"/>
    <property name="user.country" value="DE"/>
    <property name="sun.boot.library.path" value="C:\Users\Administrator\.jdks\openjdk-15.0.1\bin"/>
    <property name="sun.java.command" value="C:\Users\ADMINI~1\AppData\Local\Temp\surefire8519096560036914226\surefirebooter17865741492873424130.jar C:\Users\Administrator\AppData\Local\Temp\surefire8519096560036914226 2021-01-31T20-48-22_612-jvmRun1 surefire9188014725629432679tmp surefire_01435648271622807520tmp"/>
    <property name="jdk.debug" value="release"/>
    <property name="surefire.test.class.path" value="S:\Desktop\Neuer Ordner (7)\tsbb2b-sfg-brewery-jsonPath\target\test-classes;S:\Desktop\Neuer Ordner (7)\tsbb2b-sfg-brewery-jsonPath\target\classes;S:\81_Software\Maven_Repository\.m2\org\springframework\boot\spring-boot-starter-actuator\2.1.3.RELEASE\spring-boot-starter-actuator-2.1.3.RELEASE.jar;S:\81_Software\Maven_Repository\.m2\org\springframework\boot\spring-boot-starter\2.1.3.RELEASE\spring-boot-starter-2.1.3.RELEASE.jar;S:\81_Software\Maven_Repository\.m2\org\springframework\boot\spring-boot-starter-logging\2.1.3.RELEASE\spring-boot-starter-logging-2.1.3.RELEASE.jar;S:\81_Software\Maven_Repository\.m2\ch\qos\logback\logback-classic\1.2.3\logback-classic-1.2.3.jar;S:\81_Software\Maven_Repository\.m2\ch\qos\logback\logback-core\1.2.3\logback-core-1.2.3.jar;S:\81_Software\Maven_Repository\.m2\org\apache\logging\log4j\log4j-to-slf4j\2.11.2\log4j-to-slf4j-2.11.2.jar;S:\81_Software\Maven_Repository\.m2\org\apache\logging\log4j\log4j-api\2.11.2\log4j-api-2.11.2.jar;S:\81_Software\Maven_Repository\.m2\org\slf4j\jul-to-slf4j\1.7.25\jul-to-slf4j-1.7.25.jar;S:\81_Software\Maven_Repository\.m2\javax\annotation\javax.annotation-api\1.3.2\javax.annotation-api-1.3.2.jar;S:\81_Software\Maven_Repository\.m2\org\yaml\snakeyaml\1.23\snakeyaml-1.23.jar;S:\81_Software\Maven_Repository\.m2\org\springframework\boot\spring-boot-actuator-autoconfigure\2.1.3.RELEASE\spring-boot-actuator-autoconfigure-2.1.3.RELEASE.jar;S:\81_Software\Maven_Repository\.m2\org\springframework\boot\spring-boot-actuator\2.1.3.RELEASE\spring-boot-actuator-2.1.3.RELEASE.jar;S:\81_Software\Maven_Repository\.m2\com\fasterxml\jackson\core\jackson-databind\2.9.8\jackson-databind-2.9.8.jar;S:\81_Software\Maven_Repository\.m2\com\fasterxml\jackson\core\jackson-annotations\2.9.0\jackson-annotations-2.9.0.jar;S:\81_Software\Maven_Repository\.m2\com\fasterxml\jackson\core\jackson-core\2.9.8\jackson-core-2.9.8.jar;S:\81_Software\Maven_Repository\.m2\org\springframework\spring-context\5.1.5.RELEASE\spring-context-5.1.5.RELEASE.jar;S:\81_Software\Maven_Repository\.m2\com\fasterxml\jackson\datatype\jackson-datatype-jsr310\2.9.8\jackson-datatype-jsr310-2.9.8.jar;S:\81_Software\Maven_Repository\.m2\io\micrometer\micrometer-core\1.1.3\micrometer-core-1.1.3.jar;S:\81_Software\Maven_Repository\.m2\org\hdrhistogram\HdrHistogram\2.1.9\HdrHistogram-2.1.9.jar;S:\81_Software\Maven_Repository\.m2\org\latencyutils\LatencyUtils\2.0.3\LatencyUtils-2.0.3.jar;S:\81_Software\Maven_Repository\.m2\org\springframework\boot\spring-boot-starter-data-jpa\2.1.3.RELEASE\spring-boot-starter-data-jpa-2.1.3.RELEASE.jar;S:\81_Software\Maven_Repository\.m2\org\springframework\boot\spring-boot-starter-aop\2.1.3.RELEASE\spring-boot-starter-aop-2.1.3.RELEASE.jar;S:\81_Software\Maven_Repository\.m2\org\springframework\spring-aop\5.1.5.RELEASE\spring-aop-5.1.5.RELEASE.jar;S:\81_Software\Maven_Repository\.m2\org\aspectj\aspectjweaver\1.9.2\aspectjweaver-1.9.2.jar;S:\81_Software\Maven_Repository\.m2\org\springframework\boot\spring-boot-starter-jdbc\2.1.3.RELEASE\spring-boot-starter-jdbc-2.1.3.RELEASE.jar;S:\81_Software\Maven_Repository\.m2\com\zaxxer\HikariCP\3.2.0\HikariCP-3.2.0.jar;S:\81_Software\Maven_Repository\.m2\org\springframework\spring-jdbc\5.1.5.RELEASE\spring-jdbc-5.1.5.RELEASE.jar;S:\81_Software\Maven_Repository\.m2\javax\transaction\javax.transaction-api\1.3\javax.transaction-api-1.3.jar;S:\81_Software\Maven_Repository\.m2\org\hibernate\hibernate-core\5.3.7.Final\hibernate-core-5.3.7.Final.jar;S:\81_Software\Maven_Repository\.m2\org\jboss\logging\jboss-logging\3.3.2.Final\jboss-logging-3.3.2.Final.jar;S:\81_Software\Maven_Repository\.m2\javax\persistence\javax.persistence-api\2.2\javax.persistence-api-2.2.jar;S:\81_Software\Maven_Repository\.m2\org\javassist\javassist\3.23.1-GA\javassist-3.23.1-GA.jar;S:\81_Software\Maven_Repository\.m2\net\bytebuddy\byte-buddy\1.9.10\byte-buddy-1.9.10.jar;S:\81_Software\Maven_Repository\.m2\antlr\antlr\2.7.7\antlr-2.7.7.jar;S:\81_Software\Maven_Repository\.m2\org\jboss\jandex\2.0.5.Final\jandex-2.0.5.Final.jar;S:\81_Software\Maven_Repository\.m2\com\fasterxml\classmate\1.4.0\classmate-1.4.0.jar;S:\81_Software\Maven_Repository\.m2\javax\activation\javax.activation-api\1.2.0\javax.activation-api-1.2.0.jar;S:\81_Software\Maven_Repository\.m2\org\dom4j\dom4j\2.1.1\dom4j-2.1.1.jar;S:\81_Software\Maven_Repository\.m2\org\hibernate\common\hibernate-commons-annotations\5.0.4.Final\hibernate-commons-annotations-5.0.4.Final.jar;S:\81_Software\Maven_Repository\.m2\org\springframework\data\spring-data-jpa\2.1.5.RELEASE\spring-data-jpa-2.1.5.RELEASE.jar;S:\81_Software\Maven_Repository\.m2\org\springframework\data\spring-data-commons\2.1.5.RELEASE\spring-data-commons-2.1.5.RELEASE.jar;S:\81_Software\Maven_Repository\.m2\org\springframework\spring-orm\5.1.5.RELEASE\spring-orm-5.1.5.RELEASE.jar;S:\81_Software\Maven_Repository\.m2\org\springframework\spring-tx\5.1.5.RELEASE\spring-tx-5.1.5.RELEASE.jar;S:\81_Software\Maven_Repository\.m2\org\springframework\spring-beans\5.1.5.RELEASE\spring-beans-5.1.5.RELEASE.jar;S:\81_Software\Maven_Repository\.m2\org\slf4j\slf4j-api\1.7.25\slf4j-api-1.7.25.jar;S:\81_Software\Maven_Repository\.m2\org\springframework\spring-aspects\5.1.5.RELEASE\spring-aspects-5.1.5.RELEASE.jar;S:\81_Software\Maven_Repository\.m2\org\springframework\boot\spring-boot-starter-web\2.1.3.RELEASE\spring-boot-starter-web-2.1.3.RELEASE.jar;S:\81_Software\Maven_Repository\.m2\org\springframework\boot\spring-boot-starter-json\2.1.3.RELEASE\spring-boot-starter-json-2.1.3.RELEASE.jar;S:\81_Software\Maven_Repository\.m2\com\fasterxml\jackson\datatype\jackson-datatype-jdk8\2.9.8\jackson-datatype-jdk8-2.9.8.jar;S:\81_Software\Maven_Repository\.m2\com\fasterxml\jackson\module\jackson-module-parameter-names\2.9.8\jackson-module-parameter-names-2.9.8.jar;S:\81_Software\Maven_Repository\.m2\org\springframework\boot\spring-boot-starter-tomcat\2.1.3.RELEASE\spring-boot-starter-tomcat-2.1.3.RELEASE.jar;S:\81_Software\Maven_Repository\.m2\org\apache\tomcat\embed\tomcat-embed-core\9.0.16\tomcat-embed-core-9.0.16.jar;S:\81_Software\Maven_Repository\.m2\org\apache\tomcat\embed\tomcat-embed-el\9.0.16\tomcat-embed-el-9.0.16.jar;S:\81_Software\Maven_Repository\.m2\org\apache\tomcat\embed\tomcat-embed-websocket\9.0.16\tomcat-embed-websocket-9.0.16.jar;S:\81_Software\Maven_Repository\.m2\org\hibernate\validator\hibernate-validator\6.0.14.Final\hibernate-validator-6.0.14.Final.jar;S:\81_Software\Maven_Repository\.m2\javax\validation\validation-api\2.0.1.Final\validation-api-2.0.1.Final.jar;S:\81_Software\Maven_Repository\.m2\org\springframework\spring-web\5.1.5.RELEASE\spring-web-5.1.5.RELEASE.jar;S:\81_Software\Maven_Repository\.m2\org\springframework\spring-webmvc\5.1.5.RELEASE\spring-webmvc-5.1.5.RELEASE.jar;S:\81_Software\Maven_Repository\.m2\org\springframework\spring-expression\5.1.5.RELEASE\spring-expression-5.1.5.RELEASE.jar;S:\81_Software\Maven_Repository\.m2\org\springframework\boot\spring-boot-devtools\2.1.3.RELEASE\spring-boot-devtools-2.1.3.RELEASE.jar;S:\81_Software\Maven_Repository\.m2\org\springframework\boot\spring-boot\2.1.3.RELEASE\spring-boot-2.1.3.RELEASE.jar;S:\81_Software\Maven_Repository\.m2\org\springframework\boot\spring-boot-autoconfigure\2.1.3.RELEASE\spring-boot-autoconfigure-2.1.3.RELEASE.jar;S:\81_Software\Maven_Repository\.m2\org\projectlombok\lombok\1.18.6\lombok-1.18.6.jar;S:\81_Software\Maven_Repository\.m2\com\h2database\h2\1.4.197\h2-1.4.197.jar;S:\81_Software\Maven_Repository\.m2\javax\xml\bind\jaxb-api\2.3.0\jaxb-api-2.3.0.jar;S:\81_Software\Maven_Repository\.m2\com\sun\xml\bind\jaxb-core\2.3.0\jaxb-core-2.3.0.jar;S:\81_Software\Maven_Repository\.m2\com\sun\xml\bind\jaxb-impl\2.3.0\jaxb-impl-2.3.0.jar;S:\81_Software\Maven_Repository\.m2\org\mapstruct\mapstruct\1.3.0.Final\mapstruct-1.3.0.Final.jar;S:\81_Software\Maven_Repository\.m2\org\springframework\boot\spring-boot-starter-test\2.1.3.RELEASE\spring-boot-starter-test-2.1.3.RELEASE.jar;S:\81_Software\Maven_Repository\.m2\org\springframework\boot\spring-boot-test\2.1.3.RELEASE\spring-boot-test-2.1.3.RELEASE.jar;S:\81_Software\Maven_Repository\.m2\org\springframework\boot\spring-boot-test-autoconfigure\2.1.3.RELEASE\spring-boot-test-autoconfigure-2.1.3.RELEASE.jar;S:\81_Software\Maven_Repository\.m2\com\jayway\jsonpath\json-path\2.4.0\json-path-2.4.0.jar;S:\81_Software\Maven_Repository\.m2\net\minidev\json-smart\2.3\json-smart-2.3.jar;S:\81_Software\Maven_Repository\.m2\net\minidev\accessors-smart\1.2\accessors-smart-1.2.jar;S:\81_Software\Maven_Repository\.m2\org\ow2\asm\asm\5.0.4\asm-5.0.4.jar;S:\81_Software\Maven_Repository\.m2\org\assertj\assertj-core\3.11.1\assertj-core-3.11.1.jar;S:\81_Software\Maven_Repository\.m2\org\mockito\mockito-core\2.23.4\mockito-core-2.23.4.jar;S:\81_Software\Maven_Repository\.m2\net\bytebuddy\byte-buddy-agent\1.9.10\byte-buddy-agent-1.9.10.jar;S:\81_Software\Maven_Repository\.m2\org\objenesis\objenesis\2.6\objenesis-2.6.jar;S:\81_Software\Maven_Repository\.m2\org\hamcrest\hamcrest-core\1.3\hamcrest-core-1.3.jar;S:\81_Software\Maven_Repository\.m2\org\hamcrest\hamcrest-library\1.3\hamcrest-library-1.3.jar;S:\81_Software\Maven_Repository\.m2\org\skyscreamer\jsonassert\1.5.0\jsonassert-1.5.0.jar;S:\81_Software\Maven_Repository\.m2\com\vaadin\external\google\android-json\0.0.20131108.vaadin1\android-json-0.0.20131108.vaadin1.jar;S:\81_Software\Maven_Repository\.m2\org\springframework\spring-core\5.1.5.RELEASE\spring-core-5.1.5.RELEASE.jar;S:\81_Software\Maven_Repository\.m2\org\springframework\spring-jcl\5.1.5.RELEASE\spring-jcl-5.1.5.RELEASE.jar;S:\81_Software\Maven_Repository\.m2\org\springframework\spring-test\5.1.5.RELEASE\spring-test-5.1.5.RELEASE.jar;S:\81_Software\Maven_Repository\.m2\org\xmlunit\xmlunit-core\2.6.2\xmlunit-core-2.6.2.jar;S:\81_Software\Maven_Repository\.m2\org\junit\jupiter\junit-jupiter-api\5.3.2\junit-jupiter-api-5.3.2.jar;S:\81_Software\Maven_Repository\.m2\org\apiguardian\apiguardian-api\1.0.0\apiguardian-api-1.0.0.jar;S:\81_Software\Maven_Repository\.m2\org\opentest4j\opentest4j\1.1.1\opentest4j-1.1.1.jar;S:\81_Software\Maven_Repository\.m2\org\junit\platform\junit-platform-commons\1.3.2\junit-platform-commons-1.3.2.jar;S:\81_Software\Maven_Repository\.m2\org\junit\jupiter\junit-jupiter-engine\5.3.2\junit-jupiter-engine-5.3.2.jar;S:\81_Software\Maven_Repository\.m2\org\junit\platform\junit-platform-engine\1.3.2\junit-platform-engine-1.3.2.jar;S:\81_Software\Maven_Repository\.m2\org\mockito\mockito-junit-jupiter\2.23.4\mockito-junit-jupiter-2.23.4.jar;"/>
    <property name="sun.cpu.endian" value="little"/>
    <property name="user.home" value="C:\Users\Administrator"/>
    <property name="user.language" value="de"/>
    <property name="java.specification.vendor" value="Oracle Corporation"/>
    <property name="java.version.date" value="2020-10-20"/>
    <property name="java.home" value="C:\Users\Administrator\.jdks\openjdk-15.0.1"/>
    <property name="file.separator" value="\"/>
    <property name="basedir" value="S:\Desktop\Neuer Ordner (7)\tsbb2b-sfg-brewery-jsonPath"/>
    <property name="java.vm.compressedOopsMode" value="Zero based"/>
    <property name="line.separator" value="&#10;"/>
    <property name="java.vm.specification.vendor" value="Oracle Corporation"/>
    <property name="java.specification.name" value="Java Platform API Specification"/>
    <property name="surefire.real.class.path" value="C:\Users\ADMINI~1\AppData\Local\Temp\surefire8519096560036914226\surefirebooter17865741492873424130.jar"/>
    <property name="user.script" value=""/>
    <property name="sun.management.compiler" value="HotSpot 64-Bit Tiered Compilers"/>
    <property name="java.runtime.version" value="15.0.1+9-18"/>
    <property name="user.name" value="Administrator"/>
    <property name="path.separator" value=";"/>
    <property name="os.version" value="10.0"/>
    <property name="java.runtime.name" value="OpenJDK Runtime Environment"/>
    <property name="file.encoding" value="Cp1252"/>
    <property name="java.vm.name" value="OpenJDK 64-Bit Server VM"/>
    <property name="localRepository" value="S:\81_Software\Maven_Repository\.m2"/>
    <property name="java.vendor.url.bug" value="https://bugreport.java.com/bugreport/"/>
    <property name="java.io.tmpdir" value="C:\Users\ADMINI~1\AppData\Local\Temp\"/>
    <property name="idea.version" value="2020.3.2"/>
    <property name="java.version" value="15.0.1"/>
    <property name="user.dir" value="S:\Desktop\Neuer Ordner (7)\tsbb2b-sfg-brewery-jsonPath"/>
    <property name="os.arch" value="amd64"/>
    <property name="java.vm.specification.name" value="Java Virtual Machine Specification"/>
    <property name="sun.os.patch.level" value=""/>
    <property name="java.library.path" value="C:\Users\Administrator\.jdks\openjdk-15.0.1\bin;C:\WINDOWS\Sun\Java\bin;C:\WINDOWS\system32;C:\WINDOWS;S:\85_Server\Oracle_Express_18\oracle18\dbhomeXE\bin;D:\Servers\Oracle_Express_edition_18c\app\dbhomeXE\bin;C:\Program Files\Java\jdk-11.0.2\bin;C:\Program Files (x86)\Common Files\Oracle\Java\javapath;D:\Servers\Oracle11SQL\app\oracle\product\11.2.0\server\bin;C:\WINDOWS\system32;C:\WINDOWS;C:\WINDOWS\System32\Wbem;C:\WINDOWS\System32\WindowsPowerShell\v1.0\;C:\WINDOWS\System32\OpenSSH\;D:\Servers\WildFly-JBoss\wildfly-16.0.0.Final\bin;D:\Maven\apache-maven-3.6.1\bin;S:\81_Software\Maven\apache-maven-3.6.1\bin;S:\81_Software\Putty\;S:\81_Software\NodeJs\;S:\81_Software\Brackets_Adobe_Text_Editor\command;S:\81_Software\Redis\;C:\ProgramData\chocolatey\bin;S:\81_Software\Gradle\gradle-6.5.1\bin;C:\Users\Administrator\Desktop\kafka_2.12-2.3.0\bin\windows;S:\81_Software\Git\Git\cmd;C:\Program Files\Docker\Docker\resources\bin;C:\ProgramData\DockerDesktop\version-bin;C:\Users\Administrator\.windows-build-tools\python27\;C:\Program Files\MySQL\MySQL Shell 8.0\bin\;C:\Users\Administrator\AppData\Local\Microsoft\WindowsApps;C:\Users\Administrator\AppData\Local\atom\bin;D:\Visual_Studio\Microsoft VS Code\bin;S:\81_Software\Intellij IDEA\IntelliJ IDEA 2020.1.4\bin;C:\Users\Administrator\AppData\Roaming\npm;S:\85_Server\MongoDB\mongoDB_Server_4.2.8\bin;C:\Users\Administrator\AppData\Local\Microsoft\WindowsApps;S:\81_Software\Kafka_confluent-5.4.0\bin\windows;C:\Users\Administrator\Desktop\kafka_2.12-2.3.0\bin\windows;;."/>
    <property name="java.vm.info" value="mixed mode, sharing"/>
    <property name="java.vendor" value="Oracle Corporation"/>
    <property name="java.vm.version" value="15.0.1+9-18"/>
    <property name="sun.io.unicode.encoding" value="UnicodeLittle"/>
    <property name="java.class.version" value="59.0"/>
  </properties>
  <testcase name="contextLoads" classname="guru.springframework.brewery.TsbbSfgBreweryApplicationTests" time="0.141"/>
</testsuite>